2024-02-22T04:46:47.138-06:00  INFO 83876 --- [main] c.c.c.ConfigServicePropertySourceLocator : Fetching config from server at : https://config.chambeaya.ultrasist.net
2024-02-22T04:46:48.078-06:00  INFO 83876 --- [main] c.c.c.ConfigServicePropertySourceLocator : Located environment: name=hikari, ValidationMessages, passay, router, profiles=[access], label=master, version=2d1a3a27a45e2e2dadeb591333bfbb81e3e8c22b, state=null
2024-02-22T04:46:48.079-06:00  INFO 83876 --- [main] b.c.PropertySourceBootstrapConfiguration : Located property source: [BootstrapPropertySource {name='bootstrapProperties-configClient'}, BootstrapPropertySource {name='bootstrapProperties-https://github.com/capacitacion-ultra/chambeaya-properties/application-access.properties'}, BootstrapPropertySource {name='bootstrapProperties-https://github.com/capacitacion-ultra/chambeaya-properties/router.properties'}, BootstrapPropertySource {name='bootstrapProperties-https://github.com/capacitacion-ultra/chambeaya-properties/passay.properties'}, BootstrapPropertySource {name='bootstrapProperties-https://github.com/capacitacion-ultra/chambeaya-properties/ValidationMessages.properties'}, BootstrapPropertySource {name='bootstrapProperties-https://github.com/capacitacion-ultra/chambeaya-properties/hikari.properties'}, BootstrapPropertySource {name='bootstrapProperties-https://github.com/capacitacion-ultra/chambeaya-properties/application.properties'}]
2024-02-22T04:46:48.098-06:00  INFO 83876 --- [main] net.ultrasist.chambeaya.access.App       : The following 1 profile is active: "access"
2024-02-22T04:46:48.679-06:00  INFO 83876 --- [main] o.s.cloud.context.scope.GenericScope     : BeanFactory id=c02739bb-21e5-30cb-9a17-d5ab8b9458cb
2024-02-22T04:46:48.712-06:00  INFO 83876 --- [main] ptablePropertiesBeanFactoryPostProcessor : Post-processing PropertySource instances
2024-02-22T04:46:48.713-06:00  INFO 83876 --- [main] c.u.j.EncryptablePropertySourceConverter : Converting PropertySource bootstrapProperties-configClient [org.springframework.cloud.bootstrap.config.BootstrapPropertySource] to EncryptableEnumerablePropertySourceWrapper
2024-02-22T04:46:48.713-06:00  INFO 83876 --- [main] c.u.j.EncryptablePropertySourceConverter : Converting PropertySource bootstrapProperties-https://github.com/capacitacion-ultra/chambeaya-properties/application-access.properties [org.springframework.cloud.bootstrap.config.BootstrapPropertySource] to EncryptableEnumerablePropertySourceWrapper
2024-02-22T04:46:48.713-06:00  INFO 83876 --- [main] c.u.j.EncryptablePropertySourceConverter : Converting PropertySource bootstrapProperties-https://github.com/capacitacion-ultra/chambeaya-properties/router.properties [org.springframework.cloud.bootstrap.config.BootstrapPropertySource] to EncryptableEnumerablePropertySourceWrapper
2024-02-22T04:46:48.713-06:00  INFO 83876 --- [main] c.u.j.EncryptablePropertySourceConverter : Converting PropertySource bootstrapProperties-https://github.com/capacitacion-ultra/chambeaya-properties/passay.properties [org.springframework.cloud.bootstrap.config.BootstrapPropertySource] to EncryptableEnumerablePropertySourceWrapper
2024-02-22T04:46:48.713-06:00  INFO 83876 --- [main] c.u.j.EncryptablePropertySourceConverter : Converting PropertySource bootstrapProperties-https://github.com/capacitacion-ultra/chambeaya-properties/ValidationMessages.properties [org.springframework.cloud.bootstrap.config.BootstrapPropertySource] to EncryptableEnumerablePropertySourceWrapper
2024-02-22T04:46:48.713-06:00  INFO 83876 --- [main] c.u.j.EncryptablePropertySourceConverter : Converting PropertySource bootstrapProperties-https://github.com/capacitacion-ultra/chambeaya-properties/hikari.properties [org.springframework.cloud.bootstrap.config.BootstrapPropertySource] to EncryptableEnumerablePropertySourceWrapper
2024-02-22T04:46:48.714-06:00  INFO 83876 --- [main] c.u.j.EncryptablePropertySourceConverter : Converting PropertySource bootstrapProperties-https://github.com/capacitacion-ultra/chambeaya-properties/application.properties [org.springframework.cloud.bootstrap.config.BootstrapPropertySource] to EncryptableEnumerablePropertySourceWrapper
2024-02-22T04:46:48.714-06:00  INFO 83876 --- [main] c.u.j.EncryptablePropertySourceConverter : Skipping PropertySource configurationProperties [class org.springframework.boot.context.properties.source.ConfigurationPropertySourcesPropertySource
2024-02-22T04:46:48.714-06:00  INFO 83876 --- [main] c.u.j.EncryptablePropertySourceConverter : Skipping PropertySource servletConfigInitParams [class org.springframework.core.env.PropertySource$StubPropertySource
2024-02-22T04:46:48.714-06:00  INFO 83876 --- [main] c.u.j.EncryptablePropertySourceConverter : Skipping PropertySource servletContextInitParams [class org.springframework.core.env.PropertySource$StubPropertySource
2024-02-22T04:46:48.714-06:00  INFO 83876 --- [main] c.u.j.EncryptablePropertySourceConverter : Converting PropertySource systemProperties [org.springframework.core.env.PropertiesPropertySource] to EncryptableMapPropertySourceWrapper
2024-02-22T04:46:48.714-06:00  INFO 83876 --- [main] c.u.j.EncryptablePropertySourceConverter : Converting PropertySource systemEnvironment [org.springframework.boot.env.SystemEnvironmentPropertySourceEnvironmentPostProcessor$OriginAwareSystemEnvironmentPropertySource] to EncryptableSystemEnvironmentPropertySourceWrapper
2024-02-22T04:46:48.714-06:00  INFO 83876 --- [main] c.u.j.EncryptablePropertySourceConverter : Converting PropertySource random [org.springframework.boot.env.RandomValuePropertySource] to EncryptablePropertySourceWrapper
2024-02-22T04:46:48.714-06:00  INFO 83876 --- [main] c.u.j.EncryptablePropertySourceConverter : Converting PropertySource cachedrandom [org.springframework.cloud.util.random.CachedRandomPropertySource] to EncryptablePropertySourceWrapper
2024-02-22T04:46:48.715-06:00  INFO 83876 --- [main] c.u.j.EncryptablePropertySourceConverter : Converting PropertySource springCloudClientHostInfo [org.springframework.core.env.MapPropertySource] to EncryptableMapPropertySourceWrapper
2024-02-22T04:46:48.715-06:00  INFO 83876 --- [main] c.u.j.EncryptablePropertySourceConverter : Converting PropertySource Config resource 'file [application-access.properties]' via location 'optional:file:./' [org.springframework.boot.env.OriginTrackedMapPropertySource] to EncryptableMapPropertySourceWrapper
2024-02-22T04:46:48.715-06:00  INFO 83876 --- [main] c.u.j.EncryptablePropertySourceConverter : Converting PropertySource Config resource 'file [application.properties]' via location 'optional:file:./' [org.springframework.boot.env.OriginTrackedMapPropertySource] to EncryptableMapPropertySourceWrapper
2024-02-22T04:46:48.715-06:00  INFO 83876 --- [main] c.u.j.EncryptablePropertySourceConverter : Converting PropertySource applicationConfig: [file:./application-access.properties] [org.springframework.boot.env.OriginTrackedMapPropertySource] to EncryptableMapPropertySourceWrapper
2024-02-22T04:46:48.715-06:00  INFO 83876 --- [main] c.u.j.EncryptablePropertySourceConverter : Converting PropertySource applicationConfig: [file:./application.properties] [org.springframework.boot.env.OriginTrackedMapPropertySource] to EncryptableMapPropertySourceWrapper
2024-02-22T04:46:48.715-06:00  INFO 83876 --- [main] c.u.j.EncryptablePropertySourceConverter : Converting PropertySource springCloudDefaultProperties [org.springframework.core.env.MapPropertySource] to EncryptableMapPropertySourceWrapper
2024-02-22T04:46:48.959-06:00  INFO 83876 --- [main] c.u.j.filter.DefaultLazyPropertyFilter   : Property Filter custom Bean not found with name 'encryptablePropertyFilter'. Initializing Default Property Filter
2024-02-22T04:46:48.971-06:00  INFO 83876 --- [main] c.u.j.r.DefaultLazyPropertyResolver      : Property Resolver custom Bean not found with name 'encryptablePropertyResolver'. Initializing Default Property Resolver
2024-02-22T04:46:48.972-06:00  INFO 83876 --- [main] c.u.j.d.DefaultLazyPropertyDetector      : Property Detector custom Bean not found with name 'encryptablePropertyDetector'. Initializing Default Property Detector
2024-02-22T04:46:49.200-06:00  INFO 83876 --- [main] o.s.b.w.embedded.tomcat.TomcatWebServer  : Tomcat initialized with port(s): 9999 (http)
2024-02-22T04:46:49.209-06:00  INFO 83876 --- [main] o.apache.catalina.core.StandardService   : Starting service [Tomcat]
2024-02-22T04:46:49.209-06:00  INFO 83876 --- [main] o.apache.catalina.core.StandardEngine    : Starting Servlet engine: [Apache Tomcat/10.1.11]
2024-02-22T04:46:49.259-06:00  INFO 83876 --- [main] o.a.c.c.C.[Tomcat].[localhost].[/]       : Initializing Spring embedded WebApplicationContext
2024-02-22T04:46:49.260-06:00  INFO 83876 --- [main] w.s.c.ServletWebServerApplicationContext : Root WebApplicationContext: initialization completed in 1130 ms
2024-02-22T04:46:49.328-06:00  INFO 83876 --- [main] c.u.j.encryptor.DefaultLazyEncryptor     : String Encryptor custom Bean not found with name 'jasyptStringEncryptor'. Initializing Default String Encryptor
2024-02-22T04:46:49.361-06:00  INFO 83876 --- [main] c.u.j.c.StringEncryptorBuilder           : Encryptor config not found for property jasypt.encryptor.key-obtention-iterations, using default value: 1000
2024-02-22T04:46:49.362-06:00  INFO 83876 --- [main] c.u.j.c.StringEncryptorBuilder           : Encryptor config not found for property jasypt.encryptor.pool-size, using default value: 1
2024-02-22T04:46:49.362-06:00  INFO 83876 --- [main] c.u.j.c.StringEncryptorBuilder           : Encryptor config not found for property jasypt.encryptor.provider-name, using default value: null
2024-02-22T04:46:49.363-06:00  INFO 83876 --- [main] c.u.j.c.StringEncryptorBuilder           : Encryptor config not found for property jasypt.encryptor.provider-class-name, using default value: null
2024-02-22T04:46:49.363-06:00  INFO 83876 --- [main] c.u.j.c.StringEncryptorBuilder           : Encryptor config not found for property jasypt.encryptor.salt-generator-classname, using default value: org.jasypt.salt.RandomSaltGenerator
2024-02-22T04:46:49.365-06:00  INFO 83876 --- [main] c.u.j.c.StringEncryptorBuilder           : Encryptor config not found for property jasypt.encryptor.string-output-type, using default value: base64
2024-02-22T04:46:49.674-06:00  INFO 83876 --- [main] n.u.c.a.api.service.AccessServiceImpl    : {"invalid":"Since nov 30, 2022 Check chambeaya-access_InvokeRemoteRestServiceImpl_getBinanceInfo"}
2024-02-22T04:46:49.758-06:00  INFO 83876 --- [main] n.u.c.access.api.rest.AccessController   : current timeout: --------------------->71
2024-02-22T04:46:50.234-06:00  INFO 83876 --- [main] n.u.c.access.api.config.WebMvcConfig     : Test cors mapping
2024-02-22T04:46:50.627-06:00  INFO 83876 --- [main] o.s.b.w.embedded.tomcat.TomcatWebServer  : Tomcat started on port(s): 9999 (http) with context path ''
2024-02-22T04:46:50.628-06:00  INFO 83876 --- [main] u.j.c.RefreshScopeRefreshedEventListener : Refreshing cached encryptable property sources on ServletWebServerInitializedEvent
2024-02-22T04:46:50.629-06:00  INFO 83876 --- [main] CachingDelegateEncryptablePropertySource : Property Source bootstrapProperties-configClient refreshed
2024-02-22T04:46:50.629-06:00  INFO 83876 --- [main] CachingDelegateEncryptablePropertySource : Property Source bootstrapProperties-https://github.com/capacitacion-ultra/chambeaya-properties/application-access.properties refreshed
2024-02-22T04:46:50.629-06:00  INFO 83876 --- [main] CachingDelegateEncryptablePropertySource : Property Source bootstrapProperties-https://github.com/capacitacion-ultra/chambeaya-properties/router.properties refreshed
2024-02-22T04:46:50.629-06:00  INFO 83876 --- [main] CachingDelegateEncryptablePropertySource : Property Source bootstrapProperties-https://github.com/capacitacion-ultra/chambeaya-properties/passay.properties refreshed
2024-02-22T04:46:50.629-06:00  INFO 83876 --- [main] CachingDelegateEncryptablePropertySource : Property Source bootstrapProperties-https://github.com/capacitacion-ultra/chambeaya-properties/ValidationMessages.properties refreshed
2024-02-22T04:46:50.629-06:00  INFO 83876 --- [main] CachingDelegateEncryptablePropertySource : Property Source bootstrapProperties-https://github.com/capacitacion-ultra/chambeaya-properties/hikari.properties refreshed
2024-02-22T04:46:50.630-06:00  INFO 83876 --- [main] CachingDelegateEncryptablePropertySource : Property Source bootstrapProperties-https://github.com/capacitacion-ultra/chambeaya-properties/application.properties refreshed
2024-02-22T04:46:50.630-06:00  INFO 83876 --- [main] CachingDelegateEncryptablePropertySource : Property Source systemProperties refreshed
2024-02-22T04:46:50.630-06:00  INFO 83876 --- [main] CachingDelegateEncryptablePropertySource : Property Source systemEnvironment refreshed
2024-02-22T04:46:50.630-06:00  INFO 83876 --- [main] CachingDelegateEncryptablePropertySource : Property Source random refreshed
2024-02-22T04:46:50.630-06:00  INFO 83876 --- [main] CachingDelegateEncryptablePropertySource : Property Source cachedrandom refreshed
2024-02-22T04:46:50.630-06:00  INFO 83876 --- [main] CachingDelegateEncryptablePropertySource : Property Source springCloudClientHostInfo refreshed
2024-02-22T04:46:50.631-06:00  INFO 83876 --- [main] CachingDelegateEncryptablePropertySource : Property Source Config resource 'file [application-access.properties]' via location 'optional:file:./' refreshed
2024-02-22T04:46:50.631-06:00  INFO 83876 --- [main] CachingDelegateEncryptablePropertySource : Property Source Config resource 'file [application.properties]' via location 'optional:file:./' refreshed
2024-02-22T04:46:50.631-06:00  INFO 83876 --- [main] CachingDelegateEncryptablePropertySource : Property Source applicationConfig: [file:./application-access.properties] refreshed
2024-02-22T04:46:50.631-06:00  INFO 83876 --- [main] CachingDelegateEncryptablePropertySource : Property Source applicationConfig: [file:./application.properties] refreshed
2024-02-22T04:46:50.631-06:00  INFO 83876 --- [main] CachingDelegateEncryptablePropertySource : Property Source springCloudDefaultProperties refreshed
2024-02-22T04:46:50.631-06:00  INFO 83876 --- [main] CachingDelegateEncryptablePropertySource : Property Source Config resource 'class path resource [bootstrap.yml]' via location 'optional:classpath:/' refreshed
2024-02-22T04:46:50.631-06:00  INFO 83876 --- [main] CachingDelegateEncryptablePropertySource : Property Source applicationConfig: [classpath:/bootstrap.yml] refreshed
2024-02-22T04:46:50.632-06:00  INFO 83876 --- [main] c.u.j.EncryptablePropertySourceConverter : Skipping PropertySource configurationProperties [class org.springframework.boot.context.properties.source.ConfigurationPropertySourcesPropertySource
2024-02-22T04:46:50.632-06:00  INFO 83876 --- [main] c.u.j.EncryptablePropertySourceConverter : Skipping PropertySource servletConfigInitParams [class org.springframework.core.env.PropertySource$StubPropertySource
2024-02-22T04:46:50.632-06:00  INFO 83876 --- [main] c.u.j.EncryptablePropertySourceConverter : Converting PropertySource servletContextInitParams [org.springframework.web.context.support.ServletContextPropertySource] to EncryptableEnumerablePropertySourceWrapper
2024-02-22T04:46:50.636-06:00  INFO 83876 --- [main] u.j.c.RefreshScopeRefreshedEventListener : Refreshing cached encryptable property sources on ServletWebServerInitializedEvent
2024-02-22T04:46:50.636-06:00  INFO 83876 --- [main] CachingDelegateEncryptablePropertySource : Property Source systemProperties refreshed
2024-02-22T04:46:50.636-06:00  INFO 83876 --- [main] CachingDelegateEncryptablePropertySource : Property Source systemEnvironment refreshed
2024-02-22T04:46:50.636-06:00  INFO 83876 --- [main] CachingDelegateEncryptablePropertySource : Property Source random refreshed
2024-02-22T04:46:50.636-06:00  INFO 83876 --- [main] CachingDelegateEncryptablePropertySource : Property Source cachedrandom refreshed
2024-02-22T04:46:50.636-06:00  INFO 83876 --- [main] CachingDelegateEncryptablePropertySource : Property Source springCloudClientHostInfo refreshed
2024-02-22T04:46:50.636-06:00  INFO 83876 --- [main] CachingDelegateEncryptablePropertySource : Property Source Config resource 'class path resource [bootstrap.yml]' via location 'optional:classpath:/' refreshed
2024-02-22T04:46:50.637-06:00  INFO 83876 --- [main] CachingDelegateEncryptablePropertySource : Property Source applicationConfig: [classpath:/bootstrap.yml] refreshed
2024-02-22T04:46:50.637-06:00  INFO 83876 --- [main] c.u.j.EncryptablePropertySourceConverter : Converting PropertySource server.ports [org.springframework.core.env.MapPropertySource] to EncryptableMapPropertySourceWrapper
2024-02-22T04:46:50.637-06:00  INFO 83876 --- [main] c.u.j.EncryptablePropertySourceConverter : Skipping PropertySource configurationProperties [class org.springframework.boot.context.properties.source.ConfigurationPropertySourcesPropertySource
2024-02-22T04:46:50.637-06:00  INFO 83876 --- [main] c.u.j.EncryptablePropertySourceConverter : Converting PropertySource springCloudDefaultProperties [org.springframework.cloud.bootstrap.BootstrapApplicationListener$ExtendedDefaultPropertySource] to EncryptableSystemEnvironmentPropertySourceWrapper
2024-02-22T04:46:50.685-06:00  INFO 83876 --- [main] net.ultrasist.chambeaya.access.App       : Started App in 4.632 seconds (process running for 5.192)
2024-02-22T04:46:50.688-06:00  INFO 83876 --- [main] net.ultrasist.chambeaya.access.App       : Starting microservice 'access' in port 9999
2024-02-22T04:46:50.688-06:00  INFO 83876 --- [main] net.ultrasist.chambeaya.access.App       : microservice version: 0.1
